<?xml version="1.0" encoding="UTF-8"?>
<!-- Generated by org.testng.reporters.JUnitXMLReporter -->
<testsuite hostname="Saishanmuk" ignored="0" name="Test" tests="1" failures="0" timestamp="2021-02-15T15:16:23 IST" time="0.18" errors="0">
  <testcase name="@BeforeTest setup" time="0.1" classname="com.pratian.testclasses.TestAddFlight">
    <failure type="java.lang.IllegalStateException" message="The driver executable does not exist: C:\Users\shanm\selenium_javaframeworkC:\wedriver\chromedriver.exe">
      <![CDATA[java.lang.IllegalStateException: The driver executable does not exist: C:\Users\shanm\selenium_javaframeworkC:\wedriver\chromedriver.exe
at com.google.common.base.Preconditions.checkState(Preconditions.java:585)
at org.openqa.selenium.remote.service.DriverService.checkExecutable(DriverService.java:146)
at org.openqa.selenium.remote.service.DriverService.findExecutable(DriverService.java:141)
at org.openqa.selenium.chrome.ChromeDriverService.access$000(ChromeDriverService.java:35)
at org.openqa.selenium.chrome.ChromeDriverService$Builder.findDefaultExecutable(ChromeDriverService.java:159)
at org.openqa.selenium.remote.service.DriverService$Builder.build(DriverService.java:355)
at org.openqa.selenium.chrome.ChromeDriverService.createDefaultService(ChromeDriverService.java:94)
at org.openqa.selenium.chrome.ChromeDriver.<init>(ChromeDriver.java:123)
at com.pratian.testclasses.TestAddFlight.setup(TestAddFlight.java:24)
... Removed 24 stack frames]]>
    </failure>
  </testcase> <!-- @BeforeTest setup -->
  <testcase name="@AfterTest tearDown" time="-1.613382383127E9" classname="com.pratian.testclasses.TestAddFlight">
    <skipped/>
  </testcase> <!-- @AfterTest tearDown -->
  <testcase name="addNewFlight" time="0.0" classname="com.pratian.testclasses.TestAddFlight">
    <skipped/>
  </testcase> <!-- addNewFlight -->
</testsuite> <!-- Test -->
